app/build/intermediates/manifest_merge_blame_file/debug/processDebugMainManifest/manifest-merger-blame-debug-report.txt
1<?xml version="1.0" encoding="utf-8"?>
2<manifest xmlns:android="http://schemas.android.com/apk/res/android"
3    package="com.workverse.app"
4    android:versionCode="1"
5    android:versionName="1.0" >
6
7    <uses-sdk
8        android:minSdkVersion="24"
9        android:targetSdkVersion="36" />
10
11    <uses-permission android:name="android.permission.INTERNET" />
11-->src\main\AndroidManifest.xml:4:5-67
11-->src\main\AndroidManifest.xml:4:22-64
12    <uses-permission android:name="android.permission.ACCESS_NETWORK_STATE" />
12-->src\main\AndroidManifest.xml:5:5-79
12-->src\main\AndroidManifest.xml:5:22-76
13    <uses-permission android:name="android.permission.POST_NOTIFICATIONS" />
13-->src\main\AndroidManifest.xml:6:5-77
13-->src\main\AndroidManifest.xml:6:22-74
14    <uses-permission android:name="android.permission.WAKE_LOCK" /> <!-- Required by older versions of Google Play services to create IID tokens -->
14-->[com.google.firebase:firebase-messaging:23.4.1] AndroidManifest.xml:24:5-68
14-->[com.google.firebase:firebase-messaging:23.4.1] AndroidManifest.xml:24:22-65
15    <uses-permission android:name="com.google.android.c2dm.permission.RECEIVE" />
15-->[com.google.firebase:firebase-messaging:23.4.1] AndroidManifest.xml:26:5-82
15-->[com.google.firebase:firebase-messaging:23.4.1] AndroidManifest.xml:26:22-79
16    <uses-permission android:name="com.google.android.providers.gsf.permission.READ_GSERVICES" />
16-->[com.google.android.recaptcha:recaptcha:18.4.0] AndroidManifest.xml:9:5-98
16-->[com.google.android.recaptcha:recaptcha:18.4.0] AndroidManifest.xml:9:22-95
17
18    <permission
18-->[androidx.core:core:1.18.0] AndroidManifest.xml:22:5-24:47
19        android:name="com.workverse.app.DYNAMIC_RECEIVER_NOT_EXPORTED_PERMISSION"
19-->[androidx.core:core:1.18.0] AndroidManifest.xml:23:9-81
20        android:protectionLevel="signature" />
20-->[androidx.core:core:1.18.0] AndroidManifest.xml:24:9-44
21
22    <uses-permission android:name="com.workverse.app.DYNAMIC_RECEIVER_NOT_EXPORTED_PERMISSION" />
22-->[androidx.core:core:1.18.0] AndroidManifest.xml:26:5-97
22-->[androidx.core:core:1.18.0] AndroidManifest.xml:26:22-94
23
24    <application
24-->src\main\AndroidManifest.xml:8:5-88:19
25        android:allowBackup="true"
25-->src\main\AndroidManifest.xml:9:9-35
26        android:appComponentFactory="androidx.core.app.CoreComponentFactory"
26-->[androidx.core:core:1.18.0] AndroidManifest.xml:28:18-86
27        android:debuggable="true"
28        android:extractNativeLibs="false"
29        android:icon="@mipmap/ic_launcher"
29-->src\main\AndroidManifest.xml:10:9-43
30        android:label="@string/app_name"
30-->src\main\AndroidManifest.xml:11:9-41
31        android:roundIcon="@mipmap/ic_launcher_round"
31-->src\main\AndroidManifest.xml:12:9-54
32        android:supportsRtl="true"
32-->src\main\AndroidManifest.xml:13:9-35
33        android:testOnly="true"
34        android:theme="@style/Theme.WorkVerse" >
34-->src\main\AndroidManifest.xml:14:9-47
35
36        <!-- ========== SPLASH & AUTH ========== -->
37        <activity
37-->src\main\AndroidManifest.xml:17:9-23:20
38            android:name="com.workverse.app.activities.SplashActivity"
38-->src\main\AndroidManifest.xml:17:19-60
39            android:exported="true"
39-->src\main\AndroidManifest.xml:17:61-84
40            android:theme="@style/Theme.WorkVerse.Splash" >
40-->src\main\AndroidManifest.xml:18:13-58
41            <intent-filter>
41-->src\main\AndroidManifest.xml:19:13-22:29
42                <action android:name="android.intent.action.MAIN" />
42-->src\main\AndroidManifest.xml:20:17-69
42-->src\main\AndroidManifest.xml:20:25-66
43
44                <category android:name="android.intent.category.LAUNCHER" />
44-->src\main\AndroidManifest.xml:21:17-77
44-->src\main\AndroidManifest.xml:21:27-74
45            </intent-filter>
46        </activity>
47        <activity
47-->src\main\AndroidManifest.xml:24:9-87
48            android:name="com.workverse.app.activities.LoginActivity"
48-->src\main\AndroidManifest.xml:24:19-59
49            android:exported="false" />
49-->src\main\AndroidManifest.xml:24:60-84
50        <activity
50-->src\main\AndroidManifest.xml:25:9-96
51            android:name="com.workverse.app.activities.ForgotPasswordActivity"
51-->src\main\AndroidManifest.xml:25:19-68
52            android:exported="false" />
52-->src\main\AndroidManifest.xml:25:69-93
53
54        <!-- ========== ADMIN ========== -->
55        <activity
55-->src\main\AndroidManifest.xml:28:9-102
56            android:name="com.workverse.app.activities.admin.AdminDashboardActivity"
56-->src\main\AndroidManifest.xml:28:19-74
57            android:exported="false" />
57-->src\main\AndroidManifest.xml:28:75-99
58        <activity
58-->src\main\AndroidManifest.xml:29:9-99
59            android:name="com.workverse.app.activities.admin.ManageRolesActivity"
59-->src\main\AndroidManifest.xml:29:19-71
60            android:exported="false" />
60-->src\main\AndroidManifest.xml:29:72-96
61        <activity
61-->src\main\AndroidManifest.xml:30:9-99
62            android:name="com.workverse.app.activities.admin.AddEmployeeActivity"
62-->src\main\AndroidManifest.xml:30:19-71
63            android:exported="false" />
63-->src\main\AndroidManifest.xml:30:72-96
64        <activity
64-->src\main\AndroidManifest.xml:31:9-101
65            android:name="com.workverse.app.activities.admin.ViewEmployeesActivity"
65-->src\main\AndroidManifest.xml:31:19-73
66            android:exported="false" />
66-->src\main\AndroidManifest.xml:31:74-98
67        <activity
67-->src\main\AndroidManifest.xml:32:9-102
68            android:name="com.workverse.app.activities.admin.EmployeeDetailActivity"
68-->src\main\AndroidManifest.xml:32:19-74
69            android:exported="false" />
69-->src\main\AndroidManifest.xml:32:75-99
70        <activity
70-->src\main\AndroidManifest.xml:33:9-98
71            android:name="com.workverse.app.activities.admin.AddManagerActivity"
71-->src\main\AndroidManifest.xml:33:19-70
72            android:exported="false" />
72-->src\main\AndroidManifest.xml:33:71-95
73        <activity
73-->src\main\AndroidManifest.xml:34:9-100
74            android:name="com.workverse.app.activities.admin.ViewManagersActivity"
74-->src\main\AndroidManifest.xml:34:19-72
75            android:exported="false" />
75-->src\main\AndroidManifest.xml:34:73-97
76        <activity
76-->src\main\AndroidManifest.xml:35:9-103
77            android:name="com.workverse.app.activities.admin.AdminAttendanceActivity"
77-->src\main\AndroidManifest.xml:35:19-75
78            android:exported="false" />
78-->src\main\AndroidManifest.xml:35:76-100
79        <activity
79-->src\main\AndroidManifest.xml:36:9-108
80            android:name="com.workverse.app.activities.admin.AdminLeaveManagementActivity"
80-->src\main\AndroidManifest.xml:36:19-80
81            android:exported="false" />
81-->src\main\AndroidManifest.xml:36:81-105
82        <activity
82-->src\main\AndroidManifest.xml:37:9-104
83            android:name="com.workverse.app.activities.admin.AdminPerformanceActivity"
83-->src\main\AndroidManifest.xml:37:19-76
84            android:exported="false" />
84-->src\main\AndroidManifest.xml:37:77-101
85        <activity
85-->src\main\AndroidManifest.xml:38:9-102
86            android:name="com.workverse.app.activities.admin.AddPerformanceActivity"
86-->src\main\AndroidManifest.xml:38:19-74
87            android:exported="false" />
87-->src\main\AndroidManifest.xml:38:75-99
88        <activity
88-->src\main\AndroidManifest.xml:39:9-101
89            android:name="com.workverse.app.activities.admin.AdminFeedbackActivity"
89-->src\main\AndroidManifest.xml:39:19-73
90            android:exported="false" />
90-->src\main\AndroidManifest.xml:39:74-98
91        <activity
91-->src\main\AndroidManifest.xml:40:9-104
92            android:name="com.workverse.app.activities.admin.AdminSalesReportActivity"
92-->src\main\AndroidManifest.xml:40:19-76
93            android:exported="false" />
93-->src\main\AndroidManifest.xml:40:77-101
94        <activity
94-->src\main\AndroidManifest.xml:41:9-106
95            android:name="com.workverse.app.activities.admin.AdminNotificationsActivity"
95-->src\main\AndroidManifest.xml:41:19-78
96            android:exported="false" />
96-->src\main\AndroidManifest.xml:41:79-103
97        <activity
97-->src\main\AndroidManifest.xml:42:9-100
98            android:name="com.workverse.app.activities.admin.AdminProfileActivity"
98-->src\main\AndroidManifest.xml:42:19-72
99            android:exported="false" />
99-->src\main\AndroidManifest.xml:42:73-97
100
101        <!-- ========== CEO (NEW) ========== -->
102        <activity
102-->src\main\AndroidManifest.xml:45:9-98
103            android:name="com.workverse.app.activities.ceo.CEODashboardActivity"
103-->src\main\AndroidManifest.xml:45:19-70
104            android:exported="false" />
104-->src\main\AndroidManifest.xml:45:71-95
105        <activity
105-->src\main\AndroidManifest.xml:46:9-100
106            android:name="com.workverse.app.activities.ceo.CEOPerformanceActivity"
106-->src\main\AndroidManifest.xml:46:19-72
107            android:exported="false" />
107-->src\main\AndroidManifest.xml:46:73-97
108        <activity
108-->src\main\AndroidManifest.xml:47:9-99
109            android:name="com.workverse.app.activities.ceo.CEOAttendanceActivity"
109-->src\main\AndroidManifest.xml:47:19-71
110            android:exported="false" />
110-->src\main\AndroidManifest.xml:47:72-96
111        <activity
111-->src\main\AndroidManifest.xml:48:9-97
112            android:name="com.workverse.app.activities.ceo.CEOFeedbackActivity"
112-->src\main\AndroidManifest.xml:48:19-69
113            android:exported="false" />
113-->src\main\AndroidManifest.xml:48:70-94
114        <activity
114-->src\main\AndroidManifest.xml:49:9-100
115            android:name="com.workverse.app.activities.ceo.CEOSalesReportActivity"
115-->src\main\AndroidManifest.xml:49:19-72
116            android:exported="false" />
116-->src\main\AndroidManifest.xml:49:73-97
117        <activity
117-->src\main\AndroidManifest.xml:50:9-96
118            android:name="com.workverse.app.activities.ceo.CEOProfileActivity"
118-->src\main\AndroidManifest.xml:50:19-68
119            android:exported="false" />
119-->src\main\AndroidManifest.xml:50:69-93
120        <activity
120-->src\main\AndroidManifest.xml:51:9-102
121            android:name="com.workverse.app.activities.ceo.CEONotificationsActivity"
121-->src\main\AndroidManifest.xml:51:19-74
122            android:exported="false" />
122-->src\main\AndroidManifest.xml:51:75-99
123
124        <!-- ========== MANAGER ========== -->
125        <activity
125-->src\main\AndroidManifest.xml:54:9-106
126            android:name="com.workverse.app.activities.manager.ManagerDashboardActivity"
126-->src\main\AndroidManifest.xml:54:19-78
127            android:exported="false" />
127-->src\main\AndroidManifest.xml:54:79-103
128        <activity
128-->src\main\AndroidManifest.xml:55:9-101
129            android:name="com.workverse.app.activities.manager.ManagerTeamActivity"
129-->src\main\AndroidManifest.xml:55:19-73
130            android:exported="false" />
130-->src\main\AndroidManifest.xml:55:74-98
131        <activity
131-->src\main\AndroidManifest.xml:56:9-107
132            android:name="com.workverse.app.activities.manager.ManagerAttendanceActivity"
132-->src\main\AndroidManifest.xml:56:19-79
133            android:exported="false" />
133-->src\main\AndroidManifest.xml:56:80-104
134        <activity
134-->src\main\AndroidManifest.xml:57:9-110
135            android:name="com.workverse.app.activities.manager.ManagerLeaveApprovalActivity"
135-->src\main\AndroidManifest.xml:57:19-82
136            android:exported="false" />
136-->src\main\AndroidManifest.xml:57:83-107
137        <activity
137-->src\main\AndroidManifest.xml:58:9-108
138            android:name="com.workverse.app.activities.manager.ManagerLeaveStatusActivity"
138-->src\main\AndroidManifest.xml:58:19-80
139            android:exported="false" />
139-->src\main\AndroidManifest.xml:58:81-105
140        <activity
140-->src\main\AndroidManifest.xml:59:9-107
141            android:name="com.workverse.app.activities.manager.ManagerApplyLeaveActivity"
141-->src\main\AndroidManifest.xml:59:19-79
142            android:exported="false" />
142-->src\main\AndroidManifest.xml:59:80-104
143        <activity
143-->src\main\AndroidManifest.xml:60:9-108
144            android:name="com.workverse.app.activities.manager.ManagerPerformanceActivity"
144-->src\main\AndroidManifest.xml:60:19-80
145            android:exported="false" />
145-->src\main\AndroidManifest.xml:60:81-105
146        <activity
146-->src\main\AndroidManifest.xml:61:9-105
147            android:name="com.workverse.app.activities.manager.ManagerFeedbackActivity"
147-->src\main\AndroidManifest.xml:61:19-77
148            android:exported="false" />
148-->src\main\AndroidManifest.xml:61:78-102
149        <activity
149-->src\main\AndroidManifest.xml:62:9-108
150            android:name="com.workverse.app.activities.manager.ManagerSalesReportActivity"
150-->src\main\AndroidManifest.xml:62:19-80
151            android:exported="false" />
151-->src\main\AndroidManifest.xml:62:81-105
152        <activity
152-->src\main\AndroidManifest.xml:63:9-110
153            android:name="com.workverse.app.activities.manager.ManagerNotificationsActivity"
153-->src\main\AndroidManifest.xml:63:19-82
154            android:exported="false" />
154-->src\main\AndroidManifest.xml:63:83-107
155        <activity
155-->src\main\AndroidManifest.xml:64:9-104
156            android:name="com.workverse.app.activities.manager.ManagerProfileActivity"
156-->src\main\AndroidManifest.xml:64:19-76
157            android:exported="false" />
157-->src\main\AndroidManifest.xml:64:77-101
158
159        <!-- ========== EMPLOYEE ========== -->
160        <activity
160-->src\main\AndroidManifest.xml:67:9-108
161            android:name="com.workverse.app.activities.employee.EmployeeDashboardActivity"
161-->src\main\AndroidManifest.xml:67:19-80
162            android:exported="false" />
162-->src\main\AndroidManifest.xml:67:81-105
163        <activity
163-->src\main\AndroidManifest.xml:68:9-105
164            android:name="com.workverse.app.activities.employee.MarkAttendanceActivity"
164-->src\main\AndroidManifest.xml:68:19-77
165            android:exported="false" />
165-->src\main\AndroidManifest.xml:68:78-102
166        <activity
166-->src\main\AndroidManifest.xml:69:9-105
167            android:name="com.workverse.app.activities.employee.ViewAttendanceActivity"
167-->src\main\AndroidManifest.xml:69:19-77
168            android:exported="false" />
168-->src\main\AndroidManifest.xml:69:78-102
169        <activity
169-->src\main\AndroidManifest.xml:70:9-101
170            android:name="com.workverse.app.activities.employee.ApplyLeaveActivity"
170-->src\main\AndroidManifest.xml:70:19-73
171            android:exported="false" />
171-->src\main\AndroidManifest.xml:70:74-98
172        <activity
172-->src\main\AndroidManifest.xml:71:9-106
173            android:name="com.workverse.app.activities.employee.ViewLeaveStatusActivity"
173-->src\main\AndroidManifest.xml:71:19-78
174            android:exported="false" />
174-->src\main\AndroidManifest.xml:71:79-103
175        <activity
175-->src\main\AndroidManifest.xml:72:9-110
176            android:name="com.workverse.app.activities.employee.EmployeePerformanceActivity"
176-->src\main\AndroidManifest.xml:72:19-82
177            android:exported="false" />
177-->src\main\AndroidManifest.xml:72:83-107
178        <activity
178-->src\main\AndroidManifest.xml:73:9-105
179            android:name="com.workverse.app.activities.employee.SubmitFeedbackActivity"
179-->src\main\AndroidManifest.xml:73:19-77
180            android:exported="false" />
180-->src\main\AndroidManifest.xml:73:78-102
181        <activity
181-->src\main\AndroidManifest.xml:74:9-98
182            android:name="com.workverse.app.activities.employee.ViewFAQActivity"
182-->src\main\AndroidManifest.xml:74:19-70
183            android:exported="false" />
183-->src\main\AndroidManifest.xml:74:71-95
184        <activity
184-->src\main\AndroidManifest.xml:75:9-110
185            android:name="com.workverse.app.activities.employee.EmployeeSalesReportActivity"
185-->src\main\AndroidManifest.xml:75:19-82
186            android:exported="false" />
186-->src\main\AndroidManifest.xml:75:83-107
187        <activity
187-->src\main\AndroidManifest.xml:76:9-98
188            android:name="com.workverse.app.activities.employee.AddSaleActivity"
188-->src\main\AndroidManifest.xml:76:19-70
189            android:exported="false" />
189-->src\main\AndroidManifest.xml:76:71-95
190        <activity
190-->src\main\AndroidManifest.xml:77:9-112
191            android:name="com.workverse.app.activities.employee.EmployeeNotificationsActivity"
191-->src\main\AndroidManifest.xml:77:19-84
192            android:exported="false" />
192-->src\main\AndroidManifest.xml:77:85-109
193        <activity
193-->src\main\AndroidManifest.xml:78:9-106
194            android:name="com.workverse.app.activities.employee.EmployeeProfileActivity"
194-->src\main\AndroidManifest.xml:78:19-78
195            android:exported="false" />
195-->src\main\AndroidManifest.xml:78:79-103
196        <activity
196-->src\main\AndroidManifest.xml:79:9-102
197            android:name="com.workverse.app.activities.employee.EditProfileActivity"
197-->src\main\AndroidManifest.xml:79:19-74
198            android:exported="false" />
198-->src\main\AndroidManifest.xml:79:75-99
199
200        <!-- ========== SERVICES ========== -->
201        <service
201-->src\main\AndroidManifest.xml:82:9-86:19
202            android:name="com.workverse.app.utils.WorkVerseMessagingService"
202-->src\main\AndroidManifest.xml:82:18-65
203            android:exported="false" >
203-->src\main\AndroidManifest.xml:82:66-90
204            <intent-filter>
204-->src\main\AndroidManifest.xml:83:13-85:29
205                <action android:name="com.google.firebase.MESSAGING_EVENT" />
205-->src\main\AndroidManifest.xml:84:17-78
205-->src\main\AndroidManifest.xml:84:25-75
206            </intent-filter>
207        </service>
208
209        <activity
209-->[com.google.firebase:firebase-auth:22.3.1] AndroidManifest.xml:29:9-46:20
210            android:name="com.google.firebase.auth.internal.GenericIdpActivity"
210-->[com.google.firebase:firebase-auth:22.3.1] AndroidManifest.xml:30:13-80
211            android:excludeFromRecents="true"
211-->[com.google.firebase:firebase-auth:22.3.1] AndroidManifest.xml:31:13-46
212            android:exported="true"
212-->[com.google.firebase:firebase-auth:22.3.1] AndroidManifest.xml:32:13-36
213            android:launchMode="singleTask"
213-->[com.google.firebase:firebase-auth:22.3.1] AndroidManifest.xml:33:13-44
214            android:theme="@android:style/Theme.Translucent.NoTitleBar" >
214-->[com.google.firebase:firebase-auth:22.3.1] AndroidManifest.xml:34:13-72
215            <intent-filter>
215-->[com.google.firebase:firebase-auth:22.3.1] AndroidManifest.xml:35:13-45:29
216                <action android:name="android.intent.action.VIEW" />
216-->[com.google.firebase:firebase-auth:22.3.1] AndroidManifest.xml:36:17-69
216-->[com.google.firebase:firebase-auth:22.3.1] AndroidManifest.xml:36:25-66
217
218                <category android:name="android.intent.category.DEFAULT" />
218-->[com.google.firebase:firebase-auth:22.3.1] AndroidManifest.xml:38:17-76
218-->[com.google.firebase:firebase-auth:22.3.1] AndroidManifest.xml:38:27-73
219                <category android:name="android.intent.category.BROWSABLE" />
219-->[com.google.firebase:firebase-auth:22.3.1] AndroidManifest.xml:39:17-78
219-->[com.google.firebase:firebase-auth:22.3.1] AndroidManifest.xml:39:27-75
220
221                <data
221-->[com.google.firebase:firebase-auth:22.3.1] AndroidManifest.xml:41:17-44:51
222                    android:host="firebase.auth"
222-->[com.google.firebase:firebase-auth:22.3.1] AndroidManifest.xml:42:21-49
223                    android:path="/"
223-->[com.google.firebase:firebase-auth:22.3.1] AndroidManifest.xml:43:21-37
224                    android:scheme="genericidp" />
224-->[com.google.firebase:firebase-auth:22.3.1] AndroidManifest.xml:44:21-48
225            </intent-filter>
226        </activity>
227        <activity
227-->[com.google.firebase:firebase-auth:22.3.1] AndroidManifest.xml:47:9-64:20
228            android:name="com.google.firebase.auth.internal.RecaptchaActivity"
228-->[com.google.firebase:firebase-auth:22.3.1] AndroidManifest.xml:48:13-79
229            android:excludeFromRecents="true"
229-->[com.google.firebase:firebase-auth:22.3.1] AndroidManifest.xml:49:13-46
230            android:exported="true"
230-->[com.google.firebase:firebase-auth:22.3.1] AndroidManifest.xml:50:13-36
231            android:launchMode="singleTask"
231-->[com.google.firebase:firebase-auth:22.3.1] AndroidManifest.xml:51:13-44
232            android:theme="@android:style/Theme.Translucent.NoTitleBar" >
232-->[com.google.firebase:firebase-auth:22.3.1] AndroidManifest.xml:52:13-72
233            <intent-filter>
233-->[com.google.firebase:firebase-auth:22.3.1] AndroidManifest.xml:53:13-63:29
234                <action android:name="android.intent.action.VIEW" />
234-->[com.google.firebase:firebase-auth:22.3.1] AndroidManifest.xml:36:17-69
234-->[com.google.firebase:firebase-auth:22.3.1] AndroidManifest.xml:36:25-66
235
236                <category android:name="android.intent.category.DEFAULT" />
236-->[com.google.firebase:firebase-auth:22.3.1] AndroidManifest.xml:38:17-76
236-->[com.google.firebase:firebase-auth:22.3.1] AndroidManifest.xml:38:27-73
237                <category android:name="android.intent.category.BROWSABLE" />
237-->[com.google.firebase:firebase-auth:22.3.1] AndroidManifest.xml:39:17-78
237-->[com.google.firebase:firebase-auth:22.3.1] AndroidManifest.xml:39:27-75
238
239                <data
239-->[com.google.firebase:firebase-auth:22.3.1] AndroidManifest.xml:41:17-44:51
240                    android:host="firebase.auth"
240-->[com.google.firebase:firebase-auth:22.3.1] AndroidManifest.xml:42:21-49
241                    android:path="/"
241-->[com.google.firebase:firebase-auth:22.3.1] AndroidManifest.xml:43:21-37
242                    android:scheme="recaptcha" />
242-->[com.google.firebase:firebase-auth:22.3.1] AndroidManifest.xml:44:21-48
243            </intent-filter>
244        </activity>
245
246        <service
246-->[com.google.firebase:firebase-auth:22.3.1] AndroidManifest.xml:66:9-72:19
247            android:name="com.google.firebase.components.ComponentDiscoveryService"
247-->[com.google.firebase:firebase-auth:22.3.1] AndroidManifest.xml:67:13-84
248            android:directBootAware="true"
248-->[com.google.firebase:firebase-common:20.4.2] AndroidManifest.xml:32:13-43
249            android:exported="false" >
249-->[com.google.firebase:firebase-auth:22.3.1] AndroidManifest.xml:68:13-37
250            <meta-data
250-->[com.google.firebase:firebase-auth:22.3.1] AndroidManifest.xml:69:13-71:85
251                android:name="com.google.firebase.components:com.google.firebase.auth.FirebaseAuthRegistrar"
251-->[com.google.firebase:firebase-auth:22.3.1] AndroidManifest.xml:70:17-109
252                android:value="com.google.firebase.components.ComponentRegistrar" />
252-->[com.google.firebase:firebase-auth:22.3.1] AndroidManifest.xml:71:17-82
253            <meta-data
253-->[com.google.firebase:firebase-firestore:24.10.2] AndroidManifest.xml:17:13-19:85
254                android:name="com.google.firebase.components:com.google.firebase.firestore.FirebaseFirestoreKtxRegistrar"
254-->[com.google.firebase:firebase-firestore:24.10.2] AndroidManifest.xml:18:17-122
255                android:value="com.google.firebase.components.ComponentRegistrar" />
255-->[com.google.firebase:firebase-firestore:24.10.2] AndroidManifest.xml:19:17-82
256            <meta-data
256-->[com.google.firebase:firebase-firestore:24.10.2] AndroidManifest.xml:20:13-22:85
257                android:name="com.google.firebase.components:com.google.firebase.firestore.FirestoreRegistrar"
257-->[com.google.firebase:firebase-firestore:24.10.2] AndroidManifest.xml:21:17-111
258                android:value="com.google.firebase.components.ComponentRegistrar" />
258-->[com.google.firebase:firebase-firestore:24.10.2] AndroidManifest.xml:22:17-82
259            <meta-data
259-->[com.google.firebase:firebase-messaging:23.4.1] AndroidManifest.xml:57:13-59:85
260                android:name="com.google.firebase.components:com.google.firebase.messaging.FirebaseMessagingKtxRegistrar"
260-->[com.google.firebase:firebase-messaging:23.4.1] AndroidManifest.xml:58:17-122
261                android:value="com.google.firebase.components.ComponentRegistrar" />
261-->[com.google.firebase:firebase-messaging:23.4.1] AndroidManifest.xml:59:17-82
262            <meta-data
262-->[com.google.firebase:firebase-messaging:23.4.1] AndroidManifest.xml:60:13-62:85
263                android:name="com.google.firebase.components:com.google.firebase.messaging.FirebaseMessagingRegistrar"
263-->[com.google.firebase:firebase-messaging:23.4.1] AndroidManifest.xml:61:17-119
264                android:value="com.google.firebase.components.ComponentRegistrar" />
264-->[com.google.firebase:firebase-messaging:23.4.1] AndroidManifest.xml:62:17-82
265            <meta-data
265-->[com.google.firebase:firebase-installations:17.2.0] AndroidManifest.xml:15:13-17:85
266                android:name="com.google.firebase.components:com.google.firebase.installations.FirebaseInstallationsKtxRegistrar"
266-->[com.google.firebase:firebase-installations:17.2.0] AndroidManifest.xml:16:17-130
267                android:value="com.google.firebase.components.ComponentRegistrar" />
267-->[com.google.firebase:firebase-installations:17.2.0] AndroidManifest.xml:17:17-82
268            <meta-data
268-->[com.google.firebase:firebase-installations:17.2.0] AndroidManifest.xml:18:13-20:85
269                android:name="com.google.firebase.components:com.google.firebase.installations.FirebaseInstallationsRegistrar"
269-->[com.google.firebase:firebase-installations:17.2.0] AndroidManifest.xml:19:17-127
270                android:value="com.google.firebase.components.ComponentRegistrar" />
270-->[com.google.firebase:firebase-installations:17.2.0] AndroidManifest.xml:20:17-82
271            <meta-data
271-->[com.google.firebase:firebase-common-ktx:20.4.2] AndroidManifest.xml:12:13-14:85
272                android:name="com.google.firebase.components:com.google.firebase.ktx.FirebaseCommonLegacyRegistrar"
272-->[com.google.firebase:firebase-common-ktx:20.4.2] AndroidManifest.xml:13:17-116
273                android:value="com.google.firebase.components.ComponentRegistrar" />
273-->[com.google.firebase:firebase-common-ktx:20.4.2] AndroidManifest.xml:14:17-82
274            <meta-data
274-->[com.google.firebase:firebase-common:20.4.2] AndroidManifest.xml:35:13-37:85
275                android:name="com.google.firebase.components:com.google.firebase.FirebaseCommonKtxRegistrar"
275-->[com.google.firebase:firebase-common:20.4.2] AndroidManifest.xml:36:17-109
276                android:value="com.google.firebase.components.ComponentRegistrar" />
276-->[com.google.firebase:firebase-common:20.4.2] AndroidManifest.xml:37:17-82
277            <meta-data
277-->[com.google.firebase:firebase-datatransport:18.1.7] AndroidManifest.xml:27:13-29:85
278                android:name="com.google.firebase.components:com.google.firebase.datatransport.TransportRegistrar"
278-->[com.google.firebase:firebase-datatransport:18.1.7] AndroidManifest.xml:28:17-115
279                android:value="com.google.firebase.components.ComponentRegistrar" />
279-->[com.google.firebase:firebase-datatransport:18.1.7] AndroidManifest.xml:29:17-82
280        </service>
281
282        <receiver
282-->[com.google.firebase:firebase-messaging:23.4.1] AndroidManifest.xml:29:9-40:20
283            android:name="com.google.firebase.iid.FirebaseInstanceIdReceiver"
283-->[com.google.firebase:firebase-messaging:23.4.1] AndroidManifest.xml:30:13-78
284            android:exported="true"
284-->[com.google.firebase:firebase-messaging:23.4.1] AndroidManifest.xml:31:13-36
285            android:permission="com.google.android.c2dm.permission.SEND" >
285-->[com.google.firebase:firebase-messaging:23.4.1] AndroidManifest.xml:32:13-73
286            <intent-filter>
286-->[com.google.firebase:firebase-messaging:23.4.1] AndroidManifest.xml:33:13-35:29
287                <action android:name="com.google.android.c2dm.intent.RECEIVE" />
287-->[com.google.firebase:firebase-messaging:23.4.1] AndroidManifest.xml:34:17-81
287-->[com.google.firebase:firebase-messaging:23.4.1] AndroidManifest.xml:34:25-78
288            </intent-filter>
289
290            <meta-data
290-->[com.google.firebase:firebase-messaging:23.4.1] AndroidManifest.xml:37:13-39:40
291                android:name="com.google.android.gms.cloudmessaging.FINISHED_AFTER_HANDLED"
291-->[com.google.firebase:firebase-messaging:23.4.1] AndroidManifest.xml:38:17-92
292                android:value="true" />
292-->[com.google.firebase:firebase-messaging:23.4.1] AndroidManifest.xml:39:17-37
293        </receiver>
294        <!--
295             FirebaseMessagingService performs security checks at runtime,
296             but set to not exported to explicitly avoid allowing another app to call it.
297        -->
298        <service
298-->[com.google.firebase:firebase-messaging:23.4.1] AndroidManifest.xml:46:9-53:19
299            android:name="com.google.firebase.messaging.FirebaseMessagingService"
299-->[com.google.firebase:firebase-messaging:23.4.1] AndroidManifest.xml:47:13-82
300            android:directBootAware="true"